Start testing: Jun 30 00:07 UTC
----------------------------------------------------------
1/10 Testing: Runs
1/10 Test: Runs
Command: "/home/user/source/CMake/Help/guide/tutorial/Step8/build/Tutorial" "25"
Directory: /home/user/source/CMake/Help/guide/tutorial/Step8/build
"Runs" start time: Jun 30 00:07 UTC
Output:
----------------------------------------------------------
Computing sqrt of 25 to be 13
Computing sqrt of 25 to be 7.46154
Computing sqrt of 25 to be 5.40603
Computing sqrt of 25 to be 5.01525
Computing sqrt of 25 to be 5.00002
Computing sqrt of 25 to be 5
Computing sqrt of 25 to be 5
Computing sqrt of 25 to be 5
Computing sqrt of 25 to be 5
Computing sqrt of 25 to be 5
The square root of 25 is 5
<end of output>
Test time =   0.00 sec
----------------------------------------------------------
Test Passed.
"Runs" end time: Jun 30 00:07 UTC
"Runs" time elapsed: 00:00:00
----------------------------------------------------------

2/10 Testing: Usage
2/10 Test: Usage
Command: "/home/user/source/CMake/Help/guide/tutorial/Step8/build/Tutorial"
Directory: /home/user/source/CMake/Help/guide/tutorial/Step8/build
"Usage" start time: Jun 30 00:07 UTC
Output:
----------------------------------------------------------
/home/user/source/CMake/Help/guide/tutorial/Step8/build/Tutorial Version 1.0
Usage: /home/user/source/CMake/Help/guide/tutorial/Step8/build/Tutorial number
<end of output>
Test time =   0.00 sec
----------------------------------------------------------
Test Failed.
"Usage" end time: Jun 30 00:07 UTC
"Usage" time elapsed: 00:00:00
----------------------------------------------------------

3/10 Testing: Comp4
3/10 Test: Comp4
Command: "/home/user/source/CMake/Help/guide/tutorial/Step8/build/Tutorial" "4"
Directory: /home/user/source/CMake/Help/guide/tutorial/Step8/build
"Comp4" start time: Jun 30 00:07 UTC
Output:
----------------------------------------------------------
Use the table to help find an initial value 
Computing sqrt of 4 to be 2
Computing sqrt of 4 to be 2
Computing sqrt of 4 to be 2
Computing sqrt of 4 to be 2
Computing sqrt of 4 to be 2
Computing sqrt of 4 to be 2
Computing sqrt of 4 to be 2
Computing sqrt of 4 to be 2
Computing sqrt of 4 to be 2
Computing sqrt of 4 to be 2
The square root of 4 is 2
<end of output>
Test time =   0.00 sec
----------------------------------------------------------
Test Passed.
"Comp4" end time: Jun 30 00:07 UTC
"Comp4" time elapsed: 00:00:00
----------------------------------------------------------

4/10 Testing: Comp9
4/10 Test: Comp9
Command: "/home/user/source/CMake/Help/guide/tutorial/Step8/build/Tutorial" "9"
Directory: /home/user/source/CMake/Help/guide/tutorial/Step8/build
"Comp9" start time: Jun 30 00:07 UTC
Output:
----------------------------------------------------------
Use the table to help find an initial value 
Computing sqrt of 9 to be 3
Computing sqrt of 9 to be 3
Computing sqrt of 9 to be 3
Computing sqrt of 9 to be 3
Computing sqrt of 9 to be 3
Computing sqrt of 9 to be 3
Computing sqrt of 9 to be 3
Computing sqrt of 9 to be 3
Computing sqrt of 9 to be 3
Computing sqrt of 9 to be 3
The square root of 9 is 3
<end of output>
Test time =   0.00 sec
----------------------------------------------------------
Test Passed.
"Comp9" end time: Jun 30 00:07 UTC
"Comp9" time elapsed: 00:00:00
----------------------------------------------------------

5/10 Testing: Comp5
5/10 Test: Comp5
Command: "/home/user/source/CMake/Help/guide/tutorial/Step8/build/Tutorial" "5"
Directory: /home/user/source/CMake/Help/guide/tutorial/Step8/build
"Comp5" start time: Jun 30 00:07 UTC
Output:
----------------------------------------------------------
Use the table to help find an initial value 
Computing sqrt of 5 to be 2.23607
Computing sqrt of 5 to be 2.23607
Computing sqrt of 5 to be 2.23607
Computing sqrt of 5 to be 2.23607
Computing sqrt of 5 to be 2.23607
Computing sqrt of 5 to be 2.23607
Computing sqrt of 5 to be 2.23607
Computing sqrt of 5 to be 2.23607
Computing sqrt of 5 to be 2.23607
Computing sqrt of 5 to be 2.23607
The square root of 5 is 2.23607
<end of output>
Test time =   0.00 sec
----------------------------------------------------------
Test Passed.
"Comp5" end time: Jun 30 00:07 UTC
"Comp5" time elapsed: 00:00:00
----------------------------------------------------------

6/10 Testing: Comp7
6/10 Test: Comp7
Command: "/home/user/source/CMake/Help/guide/tutorial/Step8/build/Tutorial" "7"
Directory: /home/user/source/CMake/Help/guide/tutorial/Step8/build
"Comp7" start time: Jun 30 00:07 UTC
Output:
----------------------------------------------------------
Use the table to help find an initial value 
Computing sqrt of 7 to be 2.64575
Computing sqrt of 7 to be 2.64575
Computing sqrt of 7 to be 2.64575
Computing sqrt of 7 to be 2.64575
Computing sqrt of 7 to be 2.64575
Computing sqrt of 7 to be 2.64575
Computing sqrt of 7 to be 2.64575
Computing sqrt of 7 to be 2.64575
Computing sqrt of 7 to be 2.64575
Computing sqrt of 7 to be 2.64575
The square root of 7 is 2.64575
<end of output>
Test time =   0.00 sec
----------------------------------------------------------
Test Passed.
"Comp7" end time: Jun 30 00:07 UTC
"Comp7" time elapsed: 00:00:00
----------------------------------------------------------

7/10 Testing: Comp25
7/10 Test: Comp25
Command: "/home/user/source/CMake/Help/guide/tutorial/Step8/build/Tutorial" "25"
Directory: /home/user/source/CMake/Help/guide/tutorial/Step8/build
"Comp25" start time: Jun 30 00:07 UTC
Output:
----------------------------------------------------------
Computing sqrt of 25 to be 13
Computing sqrt of 25 to be 7.46154
Computing sqrt of 25 to be 5.40603
Computing sqrt of 25 to be 5.01525
Computing sqrt of 25 to be 5.00002
Computing sqrt of 25 to be 5
Computing sqrt of 25 to be 5
Computing sqrt of 25 to be 5
Computing sqrt of 25 to be 5
Computing sqrt of 25 to be 5
The square root of 25 is 5
<end of output>
Test time =   0.00 sec
----------------------------------------------------------
Test Passed.
"Comp25" end time: Jun 30 00:07 UTC
"Comp25" time elapsed: 00:00:00
----------------------------------------------------------

8/10 Testing: Comp-25
8/10 Test: Comp-25
Command: "/home/user/source/CMake/Help/guide/tutorial/Step8/build/Tutorial" "-25"
Directory: /home/user/source/CMake/Help/guide/tutorial/Step8/build
"Comp-25" start time: Jun 30 00:07 UTC
Output:
----------------------------------------------------------
The square root of -25 is 0
<end of output>
Test time =   0.00 sec
----------------------------------------------------------
Test Passed.
"Comp-25" end time: Jun 30 00:07 UTC
"Comp-25" time elapsed: 00:00:00
----------------------------------------------------------

9/10 Testing: Comp0.0001
9/10 Test: Comp0.0001
Command: "/home/user/source/CMake/Help/guide/tutorial/Step8/build/Tutorial" "0.0001"
Directory: /home/user/source/CMake/Help/guide/tutorial/Step8/build
"Comp0.0001" start time: Jun 30 00:07 UTC
Output:
----------------------------------------------------------
Computing sqrt of 0.0001 to be 0.50005
Computing sqrt of 0.0001 to be 0.250125
Computing sqrt of 0.0001 to be 0.125262
Computing sqrt of 0.0001 to be 0.0630304
Computing sqrt of 0.0001 to be 0.0323084
Computing sqrt of 0.0001 to be 0.0177018
Computing sqrt of 0.0001 to be 0.0116755
Computing sqrt of 0.0001 to be 0.0101202
Computing sqrt of 0.0001 to be 0.0100007
Computing sqrt of 0.0001 to be 0.01
The square root of 0.0001 is 0.01
<end of output>
Test time =   0.00 sec
----------------------------------------------------------
Test Passed.
"Comp0.0001" end time: Jun 30 00:07 UTC
"Comp0.0001" time elapsed: 00:00:00
----------------------------------------------------------

10/10 Testing: TutorialComp100
10/10 Test: TutorialComp100
Command: "/home/user/source/CMake/Help/guide/tutorial/Step8/build/Tutorial" "100"
Directory: /home/user/source/CMake/Help/guide/tutorial/Step8/build
"TutorialComp100" start time: Jun 30 00:07 UTC
Output:
----------------------------------------------------------
Computing sqrt of 100 to be 50.5
Computing sqrt of 100 to be 26.2401
Computing sqrt of 100 to be 15.0255
Computing sqrt of 100 to be 10.8404
Computing sqrt of 100 to be 10.0326
Computing sqrt of 100 to be 10.0001
Computing sqrt of 100 to be 10
Computing sqrt of 100 to be 10
Computing sqrt of 100 to be 10
Computing sqrt of 100 to be 10
The square root of 100 is 10
<end of output>
Test time =   0.00 sec
----------------------------------------------------------
Test Passed.
"TutorialComp100" end time: Jun 30 00:07 UTC
"TutorialComp100" time elapsed: 00:00:00
----------------------------------------------------------

End testing: Jun 30 00:07 UTC
