<?xml version="1.0" encoding="UTF-8"?>
<Site BuildName="Linux-c++"
	BuildStamp="20220630-0007-Experimental"
	Name="ubutun20"
	Generator="ctest-3.16.3"
	CompilerName="/usr/bin/c++"
	CompilerVersion="9.4.0"
	OSName="Linux"
	Hostname="ubutun20"
	OSRelease="5.4.0-121-generic"
	OSVersion="#137-Ubuntu SMP Wed Jun 15 13:33:07 UTC 2022"
	OSPlatform="x86_64"
	Is64Bits="1"
	VendorString="GenuineIntel"
	VendorID="Intel Corporation"
	FamilyID="6"
	ModelID="158"
	ProcessorCacheSize="9216"
	NumberOfLogicalCPU="4"
	NumberOfPhysicalCPU="4"
	TotalVirtualMemory="3900"
	TotalPhysicalMemory="3901"
	LogicalProcessorsPerPhysical="1"
	ProcessorClockFrequency="2904"
	>
	<Build>
		<StartDateTime>Jun 30 00:07 UTC</StartDateTime>
		<StartBuildTime>1656547630</StartBuildTime>
		<BuildCommand>/usr/bin/cmake --build . --config "Debug" -- -i</BuildCommand>
		<Log Encoding="base64" Compression="bin/gzip"/>
		<EndDateTime>Jun 30 00:07 UTC</EndDateTime>
		<EndBuildTime>1656547630</EndBuildTime>
		<ElapsedMinutes>0</ElapsedMinutes>
	</Build>
</Site>
